<?xml version="1.0" encoding="UTF-8"?>
<!-- Generated by org.testng.reporters.JUnitXMLReporter -->
<testsuite ignored="0" hostname="LAPTOP-KD3UU6OV" failures="0" tests="3" name="Default test" time="0.105" errors="0" timestamp="2022-07-14T14:30:13 IST">
  <testcase classname="Testng.Simple_Annotations" name="Dresses" time="0.011"/>
  <testcase classname="Testng.Simple_Annotations" name="tshirts" time="0.001"/>
  <testcase classname="Testng.Simple_Annotations" name="women" time="0.002"/>
</testsuite> <!-- Default test -->
